#
# A fatal error has been detected by the Java Runtime Environment:
#
#  Internal Error (ciEnv.hpp:172), pid=47347, tid=0x0000000000004003
#  Error: ShouldNotReachHere()
#
# JRE version: OpenJDK Runtime Environment (8.0_112-b06) (build 1.8.0_112-release-b06)
# Java VM: OpenJDK 64-Bit Server VM (25.112-b06 mixed mode bsd-amd64 compressed oops)
# Failed to write core dump. Core dumps have been disabled. To enable core dumping, try "ulimit -c unlimited" before starting Java again
#
# If you would like to submit a bug report, please visit:
#   http://bugreport.java.com/bugreport/crash.jsp
#

---------------  T H R E A D  ---------------

Current thread (0x00007fbeac832800):  JavaThread "C1 CompilerThread1" daemon [_thread_in_vm, id=16387, stack(0x00007000009b5000,0x0000700000ab5000)]

Stack: [0x00007000009b5000,0x0000700000ab5000],  sp=0x0000700000ab3a80,  free space=1018k
Native frames: (J=compiled Java code, j=interpreted, Vv=VM code, C=native code)
V  [libjvm.dylib+0x57e1be]  VMError::report_and_die()+0x3f8
V  [libjvm.dylib+0x1e2707]  report_vm_error(char const*, int, char const*, char const*)+0x54
V  [libjvm.dylib+0x164b16]  ciEnv::get_symbol(Symbol*)+0x1a
V  [libjvm.dylib+0x164fdd]  ciField::ciField(ciInstanceKlass*, int)+0xa1
V  [libjvm.dylib+0x162ab1]  ciEnv::get_field_by_index_impl(ciInstanceKlass*, int)+0x81
V  [libjvm.dylib+0x162b4f]  ciEnv::get_field_by_index(ciInstanceKlass*, int)+0x85
V  [libjvm.dylib+0x175157]  ciBytecodeStream::get_field(bool&)+0x43
V  [libjvm.dylib+0xed651]  GraphBuilder::access_field(Bytecodes::Code)+0x27
V  [libjvm.dylib+0xf6681]  GraphBuilder::iterate_bytecodes_for_block(int)+0x2439
V  [libjvm.dylib+0xf2f1b]  GraphBuilder::iterate_all_blocks(bool)+0x2d
V  [libjvm.dylib+0xf2d8d]  GraphBuilder::try_inline_full(ciMethod*, bool, Bytecodes::Code, Instruction*)+0x997
V  [libjvm.dylib+0xf308e]  GraphBuilder::try_inline(ciMethod*, bool, Bytecodes::Code, Instruction*)+0xde
V  [libjvm.dylib+0xf3fe6]  GraphBuilder::invoke(Bytecodes::Code)+0xa5a
V  [libjvm.dylib+0xf6691]  GraphBuilder::iterate_bytecodes_for_block(int)+0x2449
V  [libjvm.dylib+0xf2f5d]  GraphBuilder::iterate_all_blocks(bool)+0x6f
V  [libjvm.dylib+0xf7451]  GraphBuilder::GraphBuilder(Compilation*, IRScope*)+0x2cd
V  [libjvm.dylib+0xfc926]  IRScope::IRScope(Compilation*, IRScope*, int, ciMethod*, int, bool)+0x154
V  [libjvm.dylib+0xfc9d7]  IR::IR(Compilation*, ciMethod*, int)+0x85
V  [libjvm.dylib+0xe723f]  Compilation::build_hir()+0xa7
V  [libjvm.dylib+0xe73ce]  Compilation::compile_java_method()+0x58
V  [libjvm.dylib+0xe75f7]  Compilation::compile_method()+0x6d
V  [libjvm.dylib+0xe780c]  Compilation::Compilation(AbstractCompiler*, ciEnv*, ciMethod*, int, BufferBlob*)+0x1a2
V  [libjvm.dylib+0xe7f8e]  Compiler::compile_method(ciEnv*, ciMethod*, int)+0x90
V  [libjvm.dylib+0x1b19fe]  CompileBroker::invoke_compiler_on_method(CompileTask*)+0x5b2
V  [libjvm.dylib+0x1b3f45]  CompileBroker::compiler_thread_loop()+0x291
V  [libjvm.dylib+0x53912d]  JavaThread::thread_main_inner()+0x9b
V  [libjvm.dylib+0x53a7e4]  JavaThread::run()+0x1c0
V  [libjvm.dylib+0x45bf0a]  java_start(Thread*)+0xf6
C  [libsystem_pthread.dylib+0x399d]  _pthread_body+0x83
C  [libsystem_pthread.dylib+0x391a]  _pthread_body+0x0
C  [libsystem_pthread.dylib+0x1351]  thread_start+0xd
C  0x0000000000000000


Current CompileTask:
C1:5799295 15081       3       com.sun.tools.javac.comp.Attr::attribImportQualifier (41 bytes)


---------------  P R O C E S S  ---------------

Java Threads: ( => current thread )
  0x00007fbeae99c800 JavaThread "Cache update executor" [_thread_blocked, id=24599, stack(0x0000700001604000,0x0000700001704000)]
  0x00007fbead23f000 JavaThread "Stdin handler" [_thread_blocked, id=19983, stack(0x00007000012d0000,0x00007000013d0000)]
  0x00007fbead23e000 JavaThread "Asynchronous log dispatcher for DefaultDaemonConnection: socket connection from /127.0.0.1:52962 to /127.0.0.1:60171" [_thread_blocked, id=23571, stack(0x00007000011cd000,0x00007000012cd000)]
  0x00007fbead23b800 JavaThread "Daemon worker Thread 4" [_thread_in_Java, id=18447, stack(0x00007000010ca000,0x00007000011ca000)]
  0x00007fbead23b000 JavaThread "Cancel handler" [_thread_blocked, id=27175, stack(0x0000700000fc7000,0x00007000010c7000)]
  0x00007fbead11d000 JavaThread "Handler for socket connection from /127.0.0.1:52962 to /127.0.0.1:60171" [_thread_in_native, id=29475, stack(0x0000700000ec4000,0x0000700000fc4000)]
  0x00007fbead028800 JavaThread "Daemon Thread 4" [_thread_blocked, id=14095, stack(0x0000700000dc1000,0x0000700000ec1000)]
  0x00007fbeae734800 JavaThread "pool-4-thread-4" [_thread_blocked, id=25631, stack(0x0000700001c16000,0x0000700001d16000)]
  0x00007fbeae733800 JavaThread "pool-4-thread-3" [_thread_blocked, id=23055, stack(0x0000700001b13000,0x0000700001c13000)]
  0x00007fbeac101000 JavaThread "pool-4-thread-2" [_thread_blocked, id=22535, stack(0x0000700001a10000,0x0000700001b10000)]
  0x00007fbeac3ac800 JavaThread "pool-4-thread-1" [_thread_blocked, id=24071, stack(0x000070000190d000,0x0000700001a0d000)]
  0x00007fbeacdcb800 JavaThread "File lock request listener" [_thread_in_native, id=12551, stack(0x0000700001501000,0x0000700001601000)]
  0x00007fbeaca56000 JavaThread "pool-1-thread-1" [_thread_blocked, id=21511, stack(0x00007000013d3000,0x00007000014d3000)]
  0x00007fbeac5dc800 JavaThread "Incoming local TCP Connector on port 52962" [_thread_in_native, id=17923, stack(0x0000700000cbe000,0x0000700000dbe000)]
  0x00007fbeac833000 JavaThread "Service Thread" daemon [_thread_blocked, id=16899, stack(0x0000700000ab8000,0x0000700000bb8000)]
=>0x00007fbeac832800 JavaThread "C1 CompilerThread1" daemon [_thread_in_vm, id=16387, stack(0x00007000009b5000,0x0000700000ab5000)]
  0x00007fbeac80f000 JavaThread "C2 CompilerThread0" daemon [_thread_blocked, id=15875, stack(0x00007000008b2000,0x00007000009b2000)]
  0x00007fbeac816800 JavaThread "Signal Dispatcher" daemon [_thread_blocked, id=11791, stack(0x00007000007af000,0x00007000008af000)]
  0x00007fbeac06a000 JavaThread "Finalizer" daemon [_thread_blocked, id=11267, stack(0x0000700000629000,0x0000700000729000)]
  0x00007fbeac067000 JavaThread "Reference Handler" daemon [_thread_blocked, id=10755, stack(0x0000700000526000,0x0000700000626000)]
  0x00007fbeac004000 JavaThread "main" [_thread_blocked, id=5891, stack(0x000070000011a000,0x000070000021a000)]

Other Threads:
  0x00007fbeac062800 VMThread [stack: 0x0000700000423000,0x0000700000523000] [id=10243]
  0x00007fbeac076000 WatcherThread [stack: 0x0000700000bbb000,0x0000700000cbb000] [id=17411]

VM state:not at safepoint (normal execution)

VM Mutex/Monitor currently owned by a thread: None

Heap:
 PSYoungGen      total 352768K, used 94998K [0x00000007a0000000, 0x00000007b7e80000, 0x00000007c0000000)
  eden space 329216K, 28% used [0x00000007a0000000,0x00000007a5ae1c48,0x00000007b4180000)
  from space 23552K, 8% used [0x00000007b6780000,0x00000007b6963bc0,0x00000007b7e80000)
  to   space 31232K, 0% used [0x00000007b4180000,0x00000007b4180000,0x00000007b6000000)
 ParOldGen       total 102400K, used 79526K [0x0000000760000000, 0x0000000766400000, 0x00000007a0000000)
  object space 102400K, 77% used [0x0000000760000000,0x0000000764da9920,0x0000000766400000)
 Metaspace       used 67574K, capacity 70122K, committed 70272K, reserved 1110016K
  class space    used 8522K, capacity 9030K, committed 9088K, reserved 1048576K

Card table byte_map: [0x00000001123c0000,0x00000001126c1000] byte_map_base: 0x000000010e8c0000

Marking Bits: (ParMarkBitMap*) 0x0000000102843ed0
 Begin Bits: [0x00000001128c1000, 0x00000001140c1000)
 End Bits:   [0x00000001140c1000, 0x00000001158c1000)

Polling page: 0x0000000102af4000

CodeCache: size=245760Kb used=36964Kb max_used=36975Kb free=208795Kb
 bounds [0x0000000103000000, 0x0000000105460000, 0x0000000112000000]
 total_blobs=12910 nmethods=12123 adapters=701
 compilation: enabled

Compilation events (10 events):
Event: 5798.933 Thread 0x00007fbeac832800 nmethod 15074 0x0000000105442790 code [0x00000001054429c0, 0x0000000105443718]
Event: 5798.935 Thread 0x00007fbeac832800 15075       3       com.sun.tools.javac.tree.TreeInfo::symbol (116 bytes)
Event: 5798.943 Thread 0x00007fbeac832800 nmethod 15075 0x0000000105443d90 code [0x0000000105443fe0, 0x0000000105444fe8]
Event: 5798.943 Thread 0x00007fbeac832800 15076       3       com.sun.tools.javac.code.Scope::includes (37 bytes)
Event: 5798.951 Thread 0x00007fbeac832800 nmethod 15076 0x0000000105445550 code [0x00000001054456e0, 0x0000000105445ac8]
Event: 5798.955 Thread 0x00007fbeac832800 15077       3       com.sun.tools.javac.jvm.ClassReader::attachAnnotations (255 bytes)
Event: 5798.957 Thread 0x00007fbeac832800 nmethod 15077 0x0000000105445c10 code [0x0000000105445ec0, 0x0000000105447408]
Event: 5798.970 Thread 0x00007fbeac832800 15080       3       com.sun.tools.javac.comp.MemberEnter::visitImport (170 bytes)
Event: 5798.975 Thread 0x00007fbeac832800 nmethod 15080 0x0000000105447f90 code [0x0000000105448360, 0x000000010544a408]
Event: 5798.975 Thread 0x00007fbeac832800 15081       3       com.sun.tools.javac.comp.Attr::attribImportQualifier (41 bytes)

GC Heap History (10 events):
Event: 60.353 GC heap before
{Heap before GC invocations=17 (full 3):
 PSYoungGen      total 183296K, used 165888K [0x00000007a0000000, 0x00000007b0080000, 0x00000007c0000000)
  eden space 165888K, 100% used [0x00000007a0000000,0x00000007aa200000,0x00000007aa200000)
  from space 17408K, 0% used [0x00000007aa200000,0x00000007aa200000,0x00000007ab300000)
  to   space 17920K, 0% used [0x00000007aef00000,0x00000007aef00000,0x00000007b0080000)
 ParOldGen       total 102400K, used 36101K [0x0000000760000000, 0x0000000766400000, 0x00000007a0000000)
  object space 102400K, 35% used [0x0000000760000000,0x0000000762341678,0x0000000766400000)
 Metaspace       used 59829K, capacity 61560K, committed 61824K, reserved 1103872K
  class space    used 7873K, capacity 8275K, committed 8320K, reserved 1048576K
Event: 60.595 GC heap after
Heap after GC invocations=17 (full 3):
 PSYoungGen      total 240640K, used 17914K [0x00000007a0000000, 0x00000007b0480000, 0x00000007c0000000)
  eden space 222720K, 0% used [0x00000007a0000000,0x00000007a0000000,0x00000007ad980000)
  from space 17920K, 99% used [0x00000007aef00000,0x00000007b007eb88,0x00000007b0080000)
  to   space 22016K, 0% used [0x00000007ad980000,0x00000007ad980000,0x00000007aef00000)
 ParOldGen       total 102400K, used 40024K [0x0000000760000000, 0x0000000766400000, 0x00000007a0000000)
  object space 102400K, 39% used [0x0000000760000000,0x0000000762716050,0x0000000766400000)
 Metaspace       used 59829K, capacity 61560K, committed 61824K, reserved 1103872K
  class space    used 7873K, capacity 8275K, committed 8320K, reserved 1048576K
}
Event: 1282.799 GC heap before
{Heap before GC invocations=18 (full 3):
 PSYoungGen      total 240640K, used 240166K [0x00000007a0000000, 0x00000007b0480000, 0x00000007c0000000)
  eden space 222720K, 99% used [0x00000007a0000000,0x00000007ad90adf0,0x00000007ad980000)
  from space 17920K, 99% used [0x00000007aef00000,0x00000007b007eb88,0x00000007b0080000)
  to   space 22016K, 0% used [0x00000007ad980000,0x00000007ad980000,0x00000007aef00000)
 ParOldGen       total 102400K, used 40024K [0x0000000760000000, 0x0000000766400000, 0x00000007a0000000)
  object space 102400K, 39% used [0x0000000760000000,0x0000000762716050,0x0000000766400000)
 Metaspace       used 65338K, capacity 67396K, committed 67584K, reserved 1107968K
  class space    used 8434K, capacity 8891K, committed 8960K, reserved 1048576K
Event: 1283.232 GC heap after
Heap after GC invocations=18 (full 3):
 PSYoungGen      total 244736K, used 16830K [0x00000007a0000000, 0x00000007b4800000, 0x00000007c0000000)
  eden space 222720K, 0% used [0x00000007a0000000,0x00000007a0000000,0x00000007ad980000)
  from space 22016K, 76% used [0x00000007ad980000,0x00000007ae9efa88,0x00000007aef00000)
  to   space 23552K, 0% used [0x00000007b3100000,0x00000007b3100000,0x00000007b4800000)
 ParOldGen       total 102400K, used 48333K [0x0000000760000000, 0x0000000766400000, 0x00000007a0000000)
  object space 102400K, 47% used [0x0000000760000000,0x0000000762f334f8,0x0000000766400000)
 Metaspace       used 65338K, capacity 67396K, committed 67584K, reserved 1107968K
  class space    used 8434K, capacity 8891K, committed 8960K, reserved 1048576K
}
Event: 1289.648 GC heap before
{Heap before GC invocations=19 (full 3):
 PSYoungGen      total 244736K, used 239550K [0x00000007a0000000, 0x00000007b4800000, 0x00000007c0000000)
  eden space 222720K, 100% used [0x00000007a0000000,0x00000007ad980000,0x00000007ad980000)
  from space 22016K, 76% used [0x00000007ad980000,0x00000007ae9efa88,0x00000007aef00000)
  to   space 23552K, 0% used [0x00000007b3100000,0x00000007b3100000,0x00000007b4800000)
 ParOldGen       total 102400K, used 48333K [0x0000000760000000, 0x0000000766400000, 0x00000007a0000000)
  object space 102400K, 47% used [0x0000000760000000,0x0000000762f334f8,0x0000000766400000)
 Metaspace       used 66100K, capacity 68324K, committed 68352K, reserved 1107968K
  class space    used 8466K, capacity 8949K, committed 8960K, reserved 1048576K
Event: 1290.064 GC heap after
Heap after GC invocations=19 (full 3):
 PSYoungGen      total 303104K, used 23520K [0x00000007a0000000, 0x00000007b6580000, 0x00000007c0000000)
  eden space 279552K, 0% used [0x00000007a0000000,0x00000007a0000000,0x00000007b1100000)
  from space 23552K, 99% used [0x00000007b3100000,0x00000007b47f8008,0x00000007b4800000)
  to   space 32768K, 0% used [0x00000007b1100000,0x00000007b1100000,0x00000007b3100000)
 ParOldGen       total 102400K, used 63571K [0x0000000760000000, 0x0000000766400000, 0x00000007a0000000)
  object space 102400K, 62% used [0x0000000760000000,0x0000000763e14cd0,0x0000000766400000)
 Metaspace       used 66100K, capacity 68324K, committed 68352K, reserved 1107968K
  class space    used 8466K, capacity 8949K, committed 8960K, reserved 1048576K
}
Event: 1786.674 GC heap before
{Heap before GC invocations=20 (full 3):
 PSYoungGen      total 303104K, used 303072K [0x00000007a0000000, 0x00000007b6580000, 0x00000007c0000000)
  eden space 279552K, 100% used [0x00000007a0000000,0x00000007b1100000,0x00000007b1100000)
  from space 23552K, 99% used [0x00000007b3100000,0x00000007b47f8008,0x00000007b4800000)
  to   space 32768K, 0% used [0x00000007b1100000,0x00000007b1100000,0x00000007b3100000)
 ParOldGen       total 102400K, used 63571K [0x0000000760000000, 0x0000000766400000, 0x00000007a0000000)
  object space 102400K, 62% used [0x0000000760000000,0x0000000763e14cd0,0x0000000766400000)
 Metaspace       used 66818K, capacity 69148K, committed 69248K, reserved 1110016K
  class space    used 8496K, capacity 8993K, committed 9088K, reserved 1048576K
Event: 1786.948 GC heap after
Heap after GC invocations=20 (full 3):
 PSYoungGen      total 312320K, used 10075K [0x00000007a0000000, 0x00000007b8600000, 0x00000007c0000000)
  eden space 279552K, 0% used [0x00000007a0000000,0x00000007a0000000,0x00000007b1100000)
  from space 32768K, 30% used [0x00000007b1100000,0x00000007b1ad6d28,0x00000007b3100000)
  to   space 31232K, 0% used [0x00000007b6780000,0x00000007b6780000,0x00000007b8600000)
 ParOldGen       total 102400K, used 74318K [0x0000000760000000, 0x0000000766400000, 0x00000007a0000000)
  object space 102400K, 72% used [0x0000000760000000,0x0000000764893900,0x0000000766400000)
 Metaspace       used 66818K, capacity 69148K, committed 69248K, reserved 1110016K
  class space    used 8496K, capacity 8993K, committed 9088K, reserved 1048576K
}
Event: 5788.972 GC heap before
{Heap before GC invocations=21 (full 3):
 PSYoungGen      total 312320K, used 289627K [0x00000007a0000000, 0x00000007b8600000, 0x00000007c0000000)
  eden space 279552K, 100% used [0x00000007a0000000,0x00000007b1100000,0x00000007b1100000)
  from space 32768K, 30% used [0x00000007b1100000,0x00000007b1ad6d28,0x00000007b3100000)
  to   space 31232K, 0% used [0x00000007b6780000,0x00000007b6780000,0x00000007b8600000)
 ParOldGen       total 102400K, used 74318K [0x0000000760000000, 0x0000000766400000, 0x00000007a0000000)
  object space 102400K, 72% used [0x0000000760000000,0x0000000764893900,0x0000000766400000)
 Metaspace       used 67223K, capacity 69648K, committed 69760K, reserved 1110016K
  class space    used 8513K, capacity 9015K, committed 9088K, reserved 1048576K
Event: 5789.780 GC heap after
Heap after GC invocations=21 (full 3):
 PSYoungGen      total 352768K, used 1934K [0x00000007a0000000, 0x00000007b7e80000, 0x00000007c0000000)
  eden space 329216K, 0% used [0x00000007a0000000,0x00000007a0000000,0x00000007b4180000)
  from space 23552K, 8% used [0x00000007b6780000,0x00000007b6963bc0,0x00000007b7e80000)
  to   space 31232K, 0% used [0x00000007b4180000,0x00000007b4180000,0x00000007b6000000)
 ParOldGen       total 102400K, used 79526K [0x0000000760000000, 0x0000000766400000, 0x00000007a0000000)
  object space 102400K, 77% used [0x0000000760000000,0x0000000764da9920,0x0000000766400000)
 Metaspace       used 67223K, capacity 69648K, committed 69760K, reserved 1110016K
  class space    used 8513K, capacity 9015K, committed 9088K, reserved 1048576K
}

Deoptimization events (10 events):
Event: 1789.219 Thread 0x00007fbeac86c800 Uncommon trap: reason=bimorphic action=maybe_recompile pc=0x0000000104789674 method=com.android.dx.rop.code.InsnList.contentEquals(Lcom/android/dx/rop/code/InsnList;)Z @ 38
Event: 5787.133 Thread 0x00007fbead23b800 Uncommon trap: reason=bimorphic action=maybe_recompile pc=0x000000010449c384 method=java.util.HashMap.removeNode(ILjava/lang/Object;Ljava/lang/Object;ZZ)Ljava/util/HashMap$Node; @ 143
Event: 5787.278 Thread 0x00007fbead23b800 Uncommon trap: reason=unstable_if action=reinterpret pc=0x00000001042c016c method=java.io.ByteArrayInputStream.read()I @ 8
Event: 5787.379 Thread 0x00007fbead23b800 Uncommon trap: reason=class_check action=maybe_recompile pc=0x00000001032c0ae0 method=java.lang.String.equals(Ljava/lang/Object;)Z @ 8
Event: 5787.379 Thread 0x00007fbead23b800 Uncommon trap: reason=class_check action=maybe_recompile pc=0x00000001032c0ae0 method=java.lang.String.equals(Ljava/lang/Object;)Z @ 8
Event: 5787.379 Thread 0x00007fbead23b800 Uncommon trap: reason=class_check action=maybe_recompile pc=0x00000001032c0ae0 method=java.lang.String.equals(Ljava/lang/Object;)Z @ 8
Event: 5787.379 Thread 0x00007fbead23b800 Uncommon trap: reason=class_check action=maybe_recompile pc=0x00000001032c0ae0 method=java.lang.String.equals(Ljava/lang/Object;)Z @ 8
Event: 5794.001 Thread 0x00007fbead23b800 Uncommon trap: reason=unstable_if action=reinterpret pc=0x000000010428522c method=java.util.ArrayList.remove(Ljava/lang/Object;)Z @ 46
Event: 5794.741 Thread 0x00007fbead23b800 Uncommon trap: reason=null_check action=make_not_entrant pc=0x0000000104eb10fc method=com.sun.org.apache.xerces.internal.dom.ElementImpl.getDefaultAttributes()Lcom/sun/org/apache/xerces/internal/dom/NamedNodeMapImpl; @ 7
Event: 5795.038 Thread 0x00007fbead23b800 Uncommon trap: reason=class_check action=maybe_recompile pc=0x00000001049044cc method=com.sun.org.apache.xerces.internal.impl.dtd.XMLDTDValidator.handleStartElement(Lcom/sun/org/apache/xerces/internal/xni/QName;Lcom/sun/org/apache/xerces/internal/xni/XMLA

Internal exceptions (10 events):
Event: 1285.423 Thread 0x00007fbeac5f8000 Implicit null exception at 0x00000001034815f9 to 0x0000000103481675
Event: 1285.447 Thread 0x00007fbeac5f8000 Implicit null exception at 0x00000001040aa06d to 0x00000001040aa789
Event: 1286.317 Thread 0x00007fbeac5f8000 Exception <a 'java/lang/NoSuchMethodError': java.lang.Object.lambda$asRunnable$0(Lcom/android/apkzlib/utils/IOExceptionRunnable;)V> (0x00000007a40b72b0) thrown at [/Volumes/Android_AOSP/AOSP-openjdk/external/jetbrains/jdk/hotspot/src/share/vm/interpreter/
Event: 1292.647 Thread 0x00007fbeac5f8000 Exception <a 'sun/nio/fs/UnixException'> (0x00000007a6155f98) thrown at [/Volumes/Android_AOSP/AOSP-openjdk/external/jetbrains/jdk/hotspot/src/share/vm/prims/jni.cpp, line 709]
Event: 1771.100 Thread 0x00007fbeac7cc000 Exception <a 'java/lang/ClassNotFoundException': asLocalRepo2_3mqtlwhb5gpnnri9mztwu355zBeanInfo> (0x00000007a6feb7a0) thrown at [/Volumes/Android_AOSP/AOSP-openjdk/external/jetbrains/jdk/hotspot/src/share/vm/classfile/systemDictionary.cpp, line 210]
Event: 1771.101 Thread 0x00007fbeac7cc000 Exception <a 'java/lang/ClassNotFoundException': asLocalRepo2_3mqtlwhb5gpnnri9mztwu355zCustomizer> (0x00000007a6ff6c60) thrown at [/Volumes/Android_AOSP/AOSP-openjdk/external/jetbrains/jdk/hotspot/src/share/vm/classfile/systemDictionary.cpp, line 210]
Event: 1792.724 Thread 0x00007fbeac7cc000 Exception <a 'sun/nio/fs/UnixException'> (0x00000007adde3290) thrown at [/Volumes/Android_AOSP/AOSP-openjdk/external/jetbrains/jdk/hotspot/src/share/vm/prims/jni.cpp, line 709]
Event: 5787.602 Thread 0x00007fbead23b800 Exception <a 'java/lang/ClassNotFoundException': asLocalRepo1567_aesw2egxg23adqqyxvsfqpra0BeanInfo> (0x00000007b059f928) thrown at [/Volumes/Android_AOSP/AOSP-openjdk/external/jetbrains/jdk/hotspot/src/share/vm/classfile/systemDictionary.cpp, line 210]
Event: 5787.603 Thread 0x00007fbead23b800 Exception <a 'java/lang/ClassNotFoundException': asLocalRepo1567_aesw2egxg23adqqyxvsfqpra0Customizer> (0x00000007b05ab518) thrown at [/Volumes/Android_AOSP/AOSP-openjdk/external/jetbrains/jdk/hotspot/src/share/vm/classfile/systemDictionary.cpp, line 210]
Event: 5794.741 Thread 0x00007fbead23b800 Implicit null exception at 0x0000000104eb01f4 to 0x0000000104eb10ed

Events (10 events):
Event: 5794.741 Thread 0x00007fbead23b800 DEOPT PACKING pc=0x0000000104eb10fc sp=0x00007000011c6ff0
Event: 5794.741 Thread 0x00007fbead23b800 DEOPT UNPACKING pc=0x0000000103004f69 sp=0x00007000011c6fe0 mode 2
Event: 5794.747 Thread 0x00007fbeae99c800 Thread added: 0x00007fbeae99c800
Event: 5795.038 Thread 0x00007fbead23b800 Uncommon trap: trap_request=0xffffffde fr.pc=0x00000001049044cc
Event: 5795.038 Thread 0x00007fbead23b800 DEOPT PACKING pc=0x00000001049044cc sp=0x00007000011c6080
Event: 5795.038 Thread 0x00007fbead23b800 DEOPT UNPACKING pc=0x0000000103004f69 sp=0x00007000011c6040 mode 2
Event: 5797.179 Thread 0x00007fbead23b800 DEOPT PACKING pc=0x0000000103a2fc79 sp=0x00007000011c7000
Event: 5797.179 Thread 0x00007fbead23b800 DEOPT UNPACKING pc=0x0000000103046f73 sp=0x00007000011c6d40 mode 0
Event: 5797.309 Executing VM operation: RevokeBias
Event: 5797.309 Executing VM operation: RevokeBias done


Dynamic libraries:
0x0000000001d82000 	/System/Library/Frameworks/Cocoa.framework/Versions/A/Cocoa
0x0000000001d82000 	/System/Library/Frameworks/Security.framework/Versions/A/Security
0x0000000001d82000 	/System/Library/Frameworks/ApplicationServices.framework/Versions/A/ApplicationServices
0x0000000001d82000 	/usr/lib/libz.1.dylib
0x0000000001d82000 	/usr/lib/libSystem.B.dylib
0x0000000001d82000 	/usr/lib/libobjc.A.dylib
0x0000000001d82000 	/System/Library/Frameworks/Foundation.framework/Versions/C/Foundation
0x0000000001d82000 	/System/Library/Frameworks/CoreFoundation.framework/Versions/A/CoreFoundation
0x0000000001d82000 	/System/Library/Frameworks/AppKit.framework/Versions/C/AppKit
0x0000000001d82000 	/System/Library/Frameworks/CoreData.framework/Versions/A/CoreData
0x0000000001d82000 	/System/Library/PrivateFrameworks/RemoteViewServices.framework/Versions/A/RemoteViewServices
0x0000000001d82000 	/System/Library/PrivateFrameworks/UIFoundation.framework/Versions/A/UIFoundation
0x0000000001d82000 	/usr/lib/libScreenReader.dylib
0x0000000001d82000 	/System/Library/Frameworks/Accelerate.framework/Versions/A/Accelerate
0x0000000001d82000 	/System/Library/Frameworks/IOSurface.framework/Versions/A/IOSurface
0x0000000001d82000 	/System/Library/Frameworks/AudioToolbox.framework/Versions/A/AudioToolbox
0x0000000001d82000 	/System/Library/Frameworks/AudioUnit.framework/Versions/A/AudioUnit
0x0000000001d82000 	/System/Library/PrivateFrameworks/DataDetectorsCore.framework/Versions/A/DataDetectorsCore
0x0000000001d82000 	/System/Library/PrivateFrameworks/DesktopServicesPriv.framework/Versions/A/DesktopServicesPriv
0x0000000001d82000 	/System/Library/Frameworks/Carbon.framework/Versions/A/Frameworks/HIToolbox.framework/Versions/A/HIToolbox
0x0000000001d82000 	/System/Library/Frameworks/QuartzCore.framework/Versions/A/QuartzCore
0x0000000001d82000 	/System/Library/Frameworks/Carbon.framework/Versions/A/Frameworks/SpeechRecognition.framework/Versions/A/SpeechRecognition
0x0000000001d82000 	/usr/lib/libauto.dylib
0x0000000001d82000 	/usr/lib/libicucore.A.dylib
0x0000000001d82000 	/usr/lib/libxml2.2.dylib
0x0000000001d82000 	/System/Library/PrivateFrameworks/CoreUI.framework/Versions/A/CoreUI
0x0000000001d82000 	/System/Library/Frameworks/CoreAudio.framework/Versions/A/CoreAudio
0x0000000001d82000 	/System/Library/Frameworks/DiskArbitration.framework/Versions/A/DiskArbitration
0x0000000001d82000 	/usr/lib/liblangid.dylib
0x0000000001d82000 	/System/Library/PrivateFrameworks/MultitouchSupport.framework/Versions/A/MultitouchSupport
0x0000000001d82000 	/System/Library/Frameworks/IOKit.framework/Versions/A/IOKit
0x0000000001d82000 	/usr/lib/libDiagnosticMessagesClient.dylib
0x0000000001d82000 	/System/Library/Frameworks/CoreServices.framework/Versions/A/CoreServices
0x0000000001d82000 	/System/Library/PrivateFrameworks/PerformanceAnalysis.framework/Versions/A/PerformanceAnalysis
0x0000000001d82000 	/System/Library/PrivateFrameworks/GenerationalStorage.framework/Versions/A/GenerationalStorage
0x0000000001d82000 	/System/Library/Frameworks/OpenGL.framework/Versions/A/OpenGL
0x0000000001d82000 	/System/Library/PrivateFrameworks/Sharing.framework/Versions/A/Sharing
0x0000000001d82000 	/System/Library/Frameworks/CoreGraphics.framework/Versions/A/CoreGraphics
0x0000000001d82000 	/System/Library/Frameworks/CoreImage.framework/Versions/A/CoreImage
0x0000000001d82000 	/System/Library/Frameworks/CoreText.framework/Versions/A/CoreText
0x0000000001d82000 	/System/Library/Frameworks/ImageIO.framework/Versions/A/ImageIO
0x0000000001d82000 	/System/Library/PrivateFrameworks/Backup.framework/Versions/A/Backup
0x0000000001d82000 	/usr/lib/libextension.dylib
0x0000000001d82000 	/usr/lib/libarchive.2.dylib
0x0000000001d82000 	/System/Library/Frameworks/CFNetwork.framework/Versions/A/CFNetwork
0x0000000001d82000 	/System/Library/Frameworks/SystemConfiguration.framework/Versions/A/SystemConfiguration
0x0000000001d82000 	/usr/lib/libCRFSuite.dylib
0x0000000001d82000 	/usr/lib/libc++.1.dylib
0x0000000001d82000 	/usr/lib/libc++abi.dylib
0x0000000001d82000 	/usr/lib/system/libcache.dylib
0x0000000001d82000 	/usr/lib/system/libcommonCrypto.dylib
0x0000000001d82000 	/usr/lib/system/libcompiler_rt.dylib
0x0000000001d82000 	/usr/lib/system/libcopyfile.dylib
0x0000000001d82000 	/usr/lib/system/libcorecrypto.dylib
0x0000000001d82000 	/usr/lib/system/libdispatch.dylib
0x0000000001d82000 	/usr/lib/system/libdyld.dylib
0x0000000001d82000 	/usr/lib/system/libkeymgr.dylib
0x0000000001d82000 	/usr/lib/system/liblaunch.dylib
0x0000000001d82000 	/usr/lib/system/libmacho.dylib
0x0000000001d82000 	/usr/lib/system/libquarantine.dylib
0x0000000001d82000 	/usr/lib/system/libremovefile.dylib
0x0000000001d82000 	/usr/lib/system/libsystem_asl.dylib
0x0000000001d82000 	/usr/lib/system/libsystem_blocks.dylib
0x0000000001d82000 	/usr/lib/system/libsystem_c.dylib
0x0000000001d82000 	/usr/lib/system/libsystem_configuration.dylib
0x0000000001d82000 	/usr/lib/system/libsystem_coreservices.dylib
0x0000000001d82000 	/usr/lib/system/libsystem_coretls.dylib
0x0000000001d82000 	/usr/lib/system/libsystem_dnssd.dylib
0x0000000001d82000 	/usr/lib/system/libsystem_info.dylib
0x0000000001d82000 	/usr/lib/system/libsystem_kernel.dylib
0x0000000001d82000 	/usr/lib/system/libsystem_m.dylib
0x0000000001d82000 	/usr/lib/system/libsystem_malloc.dylib
0x0000000001d82000 	/usr/lib/system/libsystem_network.dylib
0x0000000001d82000 	/usr/lib/system/libsystem_networkextension.dylib
0x0000000001d82000 	/usr/lib/system/libsystem_notify.dylib
0x0000000001d82000 	/usr/lib/system/libsystem_platform.dylib
0x0000000001d82000 	/usr/lib/system/libsystem_pthread.dylib
0x0000000001d82000 	/usr/lib/system/libsystem_sandbox.dylib
0x0000000001d82000 	/usr/lib/system/libsystem_secinit.dylib
0x0000000001d82000 	/usr/lib/system/libsystem_trace.dylib
0x0000000001d82000 	/usr/lib/system/libunc.dylib
0x0000000001d82000 	/usr/lib/system/libunwind.dylib
0x0000000001d82000 	/usr/lib/system/libxpc.dylib
0x0000000001d82000 	/usr/lib/libenergytrace.dylib
0x0000000001d82000 	/usr/lib/libbsm.0.dylib
0x0000000001d82000 	/usr/lib/system/libkxld.dylib
0x0000000001d82000 	/usr/lib/libxar.1.dylib
0x0000000001d82000 	/usr/lib/libsqlite3.dylib
0x0000000001d82000 	/usr/lib/libpam.2.dylib
0x0000000001d82000 	/usr/lib/libOpenScriptingUtil.dylib
0x0000000001d82000 	/usr/lib/libbz2.1.0.dylib
0x0000000001d82000 	/usr/lib/liblzma.5.dylib
0x0000000001d82000 	/System/Library/Frameworks/CoreServices.framework/Versions/A/Frameworks/FSEvents.framework/Versions/A/FSEvents
0x0000000001d82000 	/System/Library/Frameworks/CoreServices.framework/Versions/A/Frameworks/CarbonCore.framework/Versions/A/CarbonCore
0x0000000001d82000 	/System/Library/Frameworks/CoreServices.framework/Versions/A/Frameworks/Metadata.framework/Versions/A/Metadata
0x0000000001d82000 	/System/Library/Frameworks/CoreServices.framework/Versions/A/Frameworks/OSServices.framework/Versions/A/OSServices
0x0000000001d82000 	/System/Library/Frameworks/CoreServices.framework/Versions/A/Frameworks/SearchKit.framework/Versions/A/SearchKit
0x0000000001d82000 	/System/Library/Frameworks/CoreServices.framework/Versions/A/Frameworks/AE.framework/Versions/A/AE
0x0000000001d82000 	/System/Library/Frameworks/CoreServices.framework/Versions/A/Frameworks/LaunchServices.framework/Versions/A/LaunchServices
0x0000000001d82000 	/System/Library/Frameworks/CoreServices.framework/Versions/A/Frameworks/DictionaryServices.framework/Versions/A/DictionaryServices
0x0000000001d82000 	/System/Library/Frameworks/CoreServices.framework/Versions/A/Frameworks/SharedFileList.framework/Versions/A/SharedFileList
0x0000000001d82000 	/System/Library/Frameworks/NetFS.framework/Versions/A/NetFS
0x0000000001d82000 	/System/Library/PrivateFrameworks/NetAuth.framework/Versions/A/NetAuth
0x0000000001d82000 	/System/Library/PrivateFrameworks/login.framework/Versions/A/Frameworks/loginsupport.framework/Versions/A/loginsupport
0x0000000001d82000 	/System/Library/PrivateFrameworks/TCC.framework/Versions/A/TCC
0x0000000001d82000 	/usr/lib/libmecabra.dylib
0x0000000001d82000 	/System/Library/Frameworks/ApplicationServices.framework/Versions/A/Frameworks/ATS.framework/Versions/A/ATS
0x0000000001d82000 	/System/Library/Frameworks/ApplicationServices.framework/Versions/A/Frameworks/ColorSync.framework/Versions/A/ColorSync
0x0000000001d82000 	/System/Library/Frameworks/ApplicationServices.framework/Versions/A/Frameworks/HIServices.framework/Versions/A/HIServices
0x0000000001d82000 	/System/Library/Frameworks/ApplicationServices.framework/Versions/A/Frameworks/LangAnalysis.framework/Versions/A/LangAnalysis
0x0000000001d82000 	/System/Library/Frameworks/ApplicationServices.framework/Versions/A/Frameworks/PrintCore.framework/Versions/A/PrintCore
0x0000000001d82000 	/System/Library/Frameworks/ApplicationServices.framework/Versions/A/Frameworks/QD.framework/Versions/A/QD
0x0000000001d82000 	/System/Library/Frameworks/ApplicationServices.framework/Versions/A/Frameworks/SpeechSynthesis.framework/Versions/A/SpeechSynthesis
0x0000000001d82000 	/System/Library/Frameworks/Metal.framework/Versions/A/Metal
0x0000000001d82000 	/System/Library/Frameworks/Accelerate.framework/Versions/A/Frameworks/vImage.framework/Versions/A/vImage
0x0000000001d82000 	/System/Library/Frameworks/Accelerate.framework/Versions/A/Frameworks/vecLib.framework/Versions/A/vecLib
0x0000000001d82000 	/System/Library/Frameworks/Accelerate.framework/Versions/A/Frameworks/vecLib.framework/Versions/A/libvDSP.dylib
0x0000000001d82000 	/System/Library/Frameworks/Accelerate.framework/Versions/A/Frameworks/vecLib.framework/Versions/A/libvMisc.dylib
0x0000000001d82000 	/System/Library/Frameworks/Accelerate.framework/Versions/A/Frameworks/vecLib.framework/Versions/A/libLAPACK.dylib
0x0000000001d82000 	/System/Library/Frameworks/Accelerate.framework/Versions/A/Frameworks/vecLib.framework/Versions/A/libBLAS.dylib
0x0000000001d82000 	/System/Library/Frameworks/Accelerate.framework/Versions/A/Frameworks/vecLib.framework/Versions/A/libLinearAlgebra.dylib
0x0000000001d82000 	/System/Library/Frameworks/Accelerate.framework/Versions/A/Frameworks/vecLib.framework/Versions/A/libSparseBLAS.dylib
0x0000000001d82000 	/System/Library/PrivateFrameworks/GPUCompiler.framework/libmetal_timestamp.dylib
0x0000000001d82000 	/System/Library/Frameworks/OpenGL.framework/Versions/A/Libraries/libCoreFSCache.dylib
0x0000000001d82000 	/System/Library/PrivateFrameworks/IOAccelerator.framework/Versions/A/IOAccelerator
0x0000000001d82000 	/System/Library/Frameworks/ApplicationServices.framework/Versions/A/Frameworks/ATS.framework/Versions/A/Resources/libFontParser.dylib
0x0000000001d82000 	/System/Library/Frameworks/ApplicationServices.framework/Versions/A/Frameworks/ATS.framework/Versions/A/Resources/libFontRegistry.dylib
0x0000000001d82000 	/System/Library/PrivateFrameworks/AppleVPA.framework/Versions/A/AppleVPA
0x0000000001d82000 	/System/Library/PrivateFrameworks/AppleJPEG.framework/Versions/A/AppleJPEG
0x0000000001d82000 	/System/Library/Frameworks/ImageIO.framework/Versions/A/Resources/libJPEG.dylib
0x0000000001d82000 	/System/Library/Frameworks/ImageIO.framework/Versions/A/Resources/libTIFF.dylib
0x0000000001d82000 	/System/Library/Frameworks/ImageIO.framework/Versions/A/Resources/libPng.dylib
0x0000000001d82000 	/System/Library/Frameworks/ImageIO.framework/Versions/A/Resources/libGIF.dylib
0x0000000001d82000 	/System/Library/Frameworks/ImageIO.framework/Versions/A/Resources/libJP2.dylib
0x0000000001d82000 	/System/Library/Frameworks/ImageIO.framework/Versions/A/Resources/libRadiance.dylib
0x0000000001d82000 	/System/Library/Frameworks/CoreVideo.framework/Versions/A/CoreVideo
0x0000000001d82000 	/System/Library/Frameworks/OpenGL.framework/Versions/A/Libraries/libGLU.dylib
0x0000000001d82000 	/System/Library/Frameworks/OpenGL.framework/Versions/A/Libraries/libGFXShared.dylib
0x0000000001d82000 	/System/Library/Frameworks/OpenGL.framework/Versions/A/Libraries/libGL.dylib
0x0000000001d82000 	/System/Library/Frameworks/OpenGL.framework/Versions/A/Libraries/libGLImage.dylib
0x0000000001d82000 	/System/Library/Frameworks/OpenGL.framework/Versions/A/Libraries/libCVMSPluginSupport.dylib
0x0000000001d82000 	/System/Library/Frameworks/OpenGL.framework/Versions/A/Libraries/libCoreVMClient.dylib
0x0000000001d82000 	/usr/lib/libcompression.dylib
0x0000000001d82000 	/usr/lib/libcups.2.dylib
0x0000000001d82000 	/System/Library/Frameworks/Kerberos.framework/Versions/A/Kerberos
0x0000000001d82000 	/System/Library/Frameworks/GSS.framework/Versions/A/GSS
0x0000000001d82000 	/usr/lib/libresolv.9.dylib
0x0000000001d82000 	/usr/lib/libiconv.2.dylib
0x0000000001d82000 	/System/Library/PrivateFrameworks/Heimdal.framework/Versions/A/Heimdal
0x0000000001d82000 	/usr/lib/libheimdal-asn1.dylib
0x0000000001d82000 	/System/Library/Frameworks/OpenDirectory.framework/Versions/A/OpenDirectory
0x0000000001d82000 	/System/Library/PrivateFrameworks/CommonAuth.framework/Versions/A/CommonAuth
0x0000000001d82000 	/System/Library/Frameworks/OpenDirectory.framework/Versions/A/Frameworks/CFOpenDirectory.framework/Versions/A/CFOpenDirectory
0x0000000001d82000 	/System/Library/Frameworks/SecurityFoundation.framework/Versions/A/SecurityFoundation
0x0000000001d82000 	/System/Library/PrivateFrameworks/LanguageModeling.framework/Versions/A/LanguageModeling
0x0000000001d82000 	/usr/lib/libmarisa.dylib
0x0000000001d82000 	/usr/lib/libChineseTokenizer.dylib
0x0000000001d82000 	/usr/lib/libcmph.dylib
0x0000000001d82000 	/System/Library/Frameworks/ServiceManagement.framework/Versions/A/ServiceManagement
0x0000000001d82000 	/usr/lib/libxslt.1.dylib
0x0000000001d82000 	/System/Library/Frameworks/Carbon.framework/Versions/A/Frameworks/Ink.framework/Versions/A/Ink
0x0000000001d82000 	/usr/lib/libFosl_dynamic.dylib
0x0000000001d82000 	/System/Library/PrivateFrameworks/FaceCore.framework/Versions/A/FaceCore
0x0000000001d82000 	/System/Library/Frameworks/OpenCL.framework/Versions/A/OpenCL
0x0000000001d82000 	/System/Library/PrivateFrameworks/CrashReporterSupport.framework/Versions/A/CrashReporterSupport
0x0000000001d82000 	/System/Library/PrivateFrameworks/IconServices.framework/Versions/A/IconServices
0x0000000001d82000 	/System/Library/PrivateFrameworks/Apple80211.framework/Versions/A/Apple80211
0x0000000001d82000 	/System/Library/Frameworks/CoreWLAN.framework/Versions/A/CoreWLAN
0x0000000001d82000 	/System/Library/Frameworks/IOBluetooth.framework/Versions/A/IOBluetooth
0x0000000001d82000 	/System/Library/PrivateFrameworks/CoreWiFi.framework/Versions/A/CoreWiFi
0x0000000001d82000 	/System/Library/Frameworks/CoreBluetooth.framework/Versions/A/CoreBluetooth
0x0000000001d82000 	/System/Library/PrivateFrameworks/ChunkingLibrary.framework/Versions/A/ChunkingLibrary
0x0000000001d82000 	/System/Library/PrivateFrameworks/DebugSymbols.framework/Versions/A/DebugSymbols
0x0000000001d82000 	/System/Library/PrivateFrameworks/CoreSymbolication.framework/Versions/A/CoreSymbolication
0x0000000001d82000 	/System/Library/PrivateFrameworks/Symbolication.framework/Versions/A/Symbolication
0x0000000001d82000 	/System/Library/PrivateFrameworks/SpeechRecognitionCore.framework/Versions/A/SpeechRecognitionCore
0x0000000101fb8000 	/Applications/Android Studio.app/Contents/jre/jdk/Contents/Home/jre/lib/server/libjvm.dylib
0x0000000001d82000 	/usr/lib/libstdc++.6.dylib
0x0000000102ab2000 	/Applications/Android Studio.app/Contents/jre/jdk/Contents/Home/jre/lib/libverify.dylib
0x0000000102abf000 	/Applications/Android Studio.app/Contents/jre/jdk/Contents/Home/jre/lib/libjava.dylib
0x0000000102afe000 	/Applications/Android Studio.app/Contents/jre/jdk/Contents/Home/jre/lib/libzip.dylib
0x0000000116f72000 	/System/Library/Frameworks/JavaVM.framework/Frameworks/JavaRuntimeSupport.framework/JavaRuntimeSupport
0x0000000116f8d000 	/System/Library/Frameworks/JavaVM.framework/Versions/A/Frameworks/JavaNativeFoundation.framework/Versions/A/JavaNativeFoundation
0x0000000116fa2000 	/System/Library/Frameworks/JavaVM.framework/Versions/A/JavaVM
0x0000000001d82000 	/System/Library/Frameworks/Carbon.framework/Versions/A/Carbon
0x0000000116faf000 	/System/Library/PrivateFrameworks/JavaLaunching.framework/Versions/A/JavaLaunching
0x0000000001d82000 	/System/Library/Frameworks/Carbon.framework/Versions/A/Frameworks/CommonPanels.framework/Versions/A/CommonPanels
0x0000000001d82000 	/System/Library/Frameworks/Carbon.framework/Versions/A/Frameworks/Help.framework/Versions/A/Help
0x0000000001d82000 	/System/Library/Frameworks/Carbon.framework/Versions/A/Frameworks/ImageCapture.framework/Versions/A/ImageCapture
0x0000000001d82000 	/System/Library/Frameworks/Carbon.framework/Versions/A/Frameworks/OpenScripting.framework/Versions/A/OpenScripting
0x0000000001d82000 	/System/Library/Frameworks/Carbon.framework/Versions/A/Frameworks/Print.framework/Versions/A/Print
0x0000000001d82000 	/System/Library/Frameworks/Carbon.framework/Versions/A/Frameworks/SecurityHI.framework/Versions/A/SecurityHI
0x0000000118dec000 	/Applications/Android Studio.app/Contents/jre/jdk/Contents/Home/jre/lib/libnet.dylib
0x0000000118e4b000 	/Applications/Android Studio.app/Contents/jre/jdk/Contents/Home/jre/lib/libnio.dylib
0x0000000118e5b000 	/Users/Janu/.gradle/native/23/osx-amd64/libnative-platform.dylib
0x0000000119370000 	/Applications/Android Studio.app/Contents/jre/jdk/Contents/Home/jre/lib/libmanagement.dylib
0x0000000118eb6000 	/Applications/Android Studio.app/Contents/jre/jdk/Contents/Home/jre/lib/libsunec.dylib

VM Arguments:
jvm_args: -Xmx1536m -Dfile.encoding=UTF-8 -Duser.country=US -Duser.language=en -Duser.variant 
java_command: org.gradle.launcher.daemon.bootstrap.GradleDaemon 3.3
java_class_path (initial): /Users/Janu/.gradle/wrapper/dists/gradle-3.3-all/55gk2rcmfc6p2dg9u9ohc3hw9/gradle-3.3/lib/gradle-launcher-3.3.jar
Launcher Type: SUN_STANDARD

Environment Variables:
PATH=/usr/bin:/bin:/usr/sbin:/sbin
SHELL=/bin/bash

Signal Handlers:
SIGSEGV: [libjvm.dylib+0x57e9cd], sa_mask[0]=11111111011111110111111111111111, sa_flags=SA_ONSTACK|SA_RESTART|SA_SIGINFO
SIGBUS: [libjvm.dylib+0x57e9cd], sa_mask[0]=11111111011111110111111111111111, sa_flags=SA_RESTART|SA_SIGINFO
SIGFPE: [libjvm.dylib+0x45951c], sa_mask[0]=11111111011111110111111111111111, sa_flags=SA_RESTART|SA_SIGINFO
SIGPIPE: [libjvm.dylib+0x45951c], sa_mask[0]=11111111011111110111111111111111, sa_flags=SA_RESTART|SA_SIGINFO
SIGXFSZ: [libjvm.dylib+0x45951c], sa_mask[0]=11111111011111110111111111111111, sa_flags=SA_RESTART|SA_SIGINFO
SIGILL: [libjvm.dylib+0x45951c], sa_mask[0]=11111111011111110111111111111111, sa_flags=SA_RESTART|SA_SIGINFO
SIGUSR1: SIG_DFL, sa_mask[0]=00000000000000000000000000000000, sa_flags=none
SIGUSR2: [libjvm.dylib+0x45903a], sa_mask[0]=00100000000000000000000000000000, sa_flags=SA_RESTART|SA_SIGINFO
SIGHUP: [libjvm.dylib+0x457611], sa_mask[0]=11111111011111110111111111111111, sa_flags=SA_RESTART|SA_SIGINFO
SIGINT: [libjvm.dylib+0x457611], sa_mask[0]=11111111011111110111111111111111, sa_flags=SA_RESTART|SA_SIGINFO
SIGTERM: [libjvm.dylib+0x457611], sa_mask[0]=11111111011111110111111111111111, sa_flags=SA_RESTART|SA_SIGINFO
SIGQUIT: [libjvm.dylib+0x457611], sa_mask[0]=11111111011111110111111111111111, sa_flags=SA_RESTART|SA_SIGINFO


---------------  S Y S T E M  ---------------

OS:Bsduname:Darwin 15.6.0 Darwin Kernel Version 15.6.0: Tue Apr 11 16:00:51 PDT 2017; root:xnu-3248.60.11.5.3~1/RELEASE_X86_64 x86_64
rlimit: STACK 8192k, CORE 0k, NPROC 709, NOFILE 10240, AS infinity
load average:6.80 4.48 3.97

CPU:total 2 (2 cores per cpu, 1 threads per core) family 6 model 23 stepping 10, cmov, cx8, fxsr, mmx, sse, sse2, sse3, ssse3, sse4.1, tsc

Memory: 4k page, physical 5242880k(33656k free)

/proc/meminfo:


vm_info: OpenJDK 64-Bit Server VM (25.112-b06) for bsd-amd64 JRE (1.8.0_112-release-b06), built on Dec  6 2016 12:18:58 by "builder" with gcc 4.2.1 (Based on Apple Inc. build 5658) (LLVM build 2336.11.00)

time: Wed Oct 25 18:54:23 2017
elapsed time: 5799 seconds (0d 1h 36m 39s)

